# JRE version: OpenJDK Runtime Environment (22.0+36) (build 22+36-2370)
# Java VM: OpenJDK 64-Bit Server VM (22+36-2370, mixed mode, sharing, tiered, compressed oops, compressed class ptrs, g1 gc, linux-amd64)
Heap:
 garbage-first heap   total reserved 6139904K, committed 389120K, used 33439K [0x0000000689400000, 0x0000000800000000)
  region size 4096K, 8 young (32768K), 1 survivors (4096K)
 Metaspace       used 9915K, committed 10112K, reserved 1114112K
  class space    used 573K, committed 640K, reserved 1048576K
GC Heap History (10 events):
Event: 1,403 GC heap before
{Heap before GC invocations=0 (full 0):
 garbage-first heap   total reserved 6139904K, committed 389120K, used 17441K [0x0000000689400000, 0x0000000800000000)
  region size 4096K, 4 young (16384K), 0 survivors (0K)
 Metaspace       used 7157K, committed 7360K, reserved 1114112K
  class space    used 435K, committed 576K, reserved 1048576K
}
Event: 1,407 GC heap after
{Heap after GC invocations=1 (full 0):
 garbage-first heap   total reserved 6139904K, committed 389120K, used 3921K [0x0000000689400000, 0x0000000800000000)
  region size 4096K, 1 young (4096K), 1 survivors (4096K)
 Metaspace       used 7157K, committed 7360K, reserved 1114112K
  class space    used 435K, committed 576K, reserved 1048576K
}
Event: 2,089 GC heap before
{Heap before GC invocations=1 (full 0):
 garbage-first heap   total reserved 6139904K, committed 389120K, used 20305K [0x0000000689400000, 0x0000000800000000)
  region size 4096K, 5 young (20480K), 1 survivors (4096K)
 Metaspace       used 9742K, committed 9920K, reserved 1114112K
  class space    used 571K, committed 640K, reserved 1048576K
}
Event: 2,094 GC heap after
{Heap after GC invocations=2 (full 0):
 garbage-first heap   total reserved 6139904K, committed 389120K, used 4692K [0x0000000689400000, 0x0000000800000000)
  region size 4096K, 1 young (4096K), 1 survivors (4096K)
 Metaspace       used 9742K, committed 9920K, reserved 1114112K
  class space    used 571K, committed 640K, reserved 1048576K
}
Event: 2,391 GC heap before
{Heap before GC invocations=2 (full 0):
 garbage-first heap   total reserved 6139904K, committed 389120K, used 49748K [0x0000000689400000, 0x0000000800000000)
  region size 4096K, 12 young (49152K), 1 survivors (4096K)
 Metaspace       used 9795K, committed 9984K, reserved 1114112K
  class space    used 571K, committed 640K, reserved 1048576K
}
Event: 2,392 GC heap after
{Heap after GC invocations=3 (full 0):
 garbage-first heap   total reserved 6139904K, committed 389120K, used 4627K [0x0000000689400000, 0x0000000800000000)
  region size 4096K, 1 young (4096K), 1 survivors (4096K)
 Metaspace       used 9795K, committed 9984K, reserved 1114112K
  class space    used 571K, committed 640K, reserved 1048576K
}
Event: 3,089 GC heap before
{Heap before GC invocations=3 (full 0):
 garbage-first heap   total reserved 6139904K, committed 389120K, used 229907K [0x0000000689400000, 0x0000000800000000)
  region size 4096K, 56 young (229376K), 1 survivors (4096K)
 Metaspace       used 9881K, committed 10048K, reserved 1114112K
  class space    used 571K, committed 640K, reserved 1048576K
}
Event: 3,090 GC heap after
{Heap after GC invocations=4 (full 0):
 garbage-first heap   total reserved 6139904K, committed 389120K, used 4712K [0x0000000689400000, 0x0000000800000000)
  region size 4096K, 1 young (4096K), 1 survivors (4096K)
 Metaspace       used 9881K, committed 10048K, reserved 1114112K
  class space    used 571K, committed 640K, reserved 1048576K
}
Event: 3,474 GC heap before
{Heap before GC invocations=4 (full 0):
 garbage-first heap   total reserved 6139904K, committed 389120K, used 229992K [0x0000000689400000, 0x0000000800000000)
  region size 4096K, 56 young (229376K), 1 survivors (4096K)
 Metaspace       used 9902K, committed 10112K, reserved 1114112K
  class space    used 571K, committed 640K, reserved 1048576K
}
Event: 3,475 GC heap after
{Heap after GC invocations=5 (full 0):
 garbage-first heap   total reserved 6139904K, committed 389120K, used 4767K [0x0000000689400000, 0x0000000800000000)
  region size 4096K, 1 young (4096K), 1 survivors (4096K)
 Metaspace       used 9902K, committed 10112K, reserved 1114112K
  class space    used 571K, committed 640K, reserved 1048576K
}

