# JRE version: OpenJDK Runtime Environment (22.0+36) (build 22+36-2370)
# Java VM: OpenJDK 64-Bit Server VM (22+36-2370, mixed mode, sharing, tiered, compressed oops, compressed class ptrs, g1 gc, linux-amd64)
Heap:
 garbage-first heap   total reserved 6139904K, committed 389120K, used 19063K [0x0000000689400000, 0x0000000800000000)
  region size 4096K, 5 young (20480K), 1 survivors (4096K)
 Metaspace       used 9667K, committed 9856K, reserved 1114112K
  class space    used 543K, committed 640K, reserved 1048576K
GC Heap History (10 events):
Event: 31,820 GC heap before
{Heap before GC invocations=0 (full 0):
 garbage-first heap   total reserved 6139904K, committed 389120K, used 13345K [0x0000000689400000, 0x0000000800000000)
  region size 4096K, 4 young (16384K), 0 survivors (0K)
 Metaspace       used 5528K, committed 5760K, reserved 1114112K
  class space    used 343K, committed 448K, reserved 1048576K
}
Event: 31,823 GC heap after
{Heap after GC invocations=1 (full 0):
 garbage-first heap   total reserved 6139904K, committed 389120K, used 3422K [0x0000000689400000, 0x0000000800000000)
  region size 4096K, 1 young (4096K), 1 survivors (4096K)
 Metaspace       used 5528K, committed 5760K, reserved 1114112K
  class space    used 343K, committed 448K, reserved 1048576K
}
Event: 58,588 GC heap before
{Heap before GC invocations=1 (full 0):
 garbage-first heap   total reserved 6139904K, committed 389120K, used 19806K [0x0000000689400000, 0x0000000800000000)
  region size 4096K, 6 young (24576K), 1 survivors (4096K)
 Metaspace       used 9452K, committed 9728K, reserved 1114112K
  class space    used 538K, committed 640K, reserved 1048576K
}
Event: 58,591 GC heap after
{Heap after GC invocations=2 (full 0):
 garbage-first heap   total reserved 6139904K, committed 389120K, used 4610K [0x0000000689400000, 0x0000000800000000)
  region size 4096K, 1 young (4096K), 1 survivors (4096K)
 Metaspace       used 9452K, committed 9728K, reserved 1114112K
  class space    used 538K, committed 640K, reserved 1048576K
}
Event: 58,877 GC heap before
{Heap before GC invocations=2 (full 0):
 garbage-first heap   total reserved 6139904K, committed 389120K, used 66050K [0x0000000689400000, 0x0000000800000000)
  region size 4096K, 16 young (65536K), 1 survivors (4096K)
 Metaspace       used 9529K, committed 9728K, reserved 1114112K
  class space    used 538K, committed 640K, reserved 1048576K
}
Event: 58,879 GC heap after
{Heap after GC invocations=3 (full 0):
 garbage-first heap   total reserved 6139904K, committed 389120K, used 4582K [0x0000000689400000, 0x0000000800000000)
  region size 4096K, 1 young (4096K), 1 survivors (4096K)
 Metaspace       used 9529K, committed 9728K, reserved 1114112K
  class space    used 538K, committed 640K, reserved 1048576K
}
Event: 59,397 GC heap before
{Heap before GC invocations=3 (full 0):
 garbage-first heap   total reserved 6139904K, committed 389120K, used 229862K [0x0000000689400000, 0x0000000800000000)
  region size 4096K, 56 young (229376K), 1 survivors (4096K)
 Metaspace       used 9604K, committed 9856K, reserved 1114112K
  class space    used 538K, committed 640K, reserved 1048576K
}
Event: 59,399 GC heap after
{Heap after GC invocations=4 (full 0):
 garbage-first heap   total reserved 6139904K, committed 389120K, used 4693K [0x0000000689400000, 0x0000000800000000)
  region size 4096K, 1 young (4096K), 1 survivors (4096K)
 Metaspace       used 9604K, committed 9856K, reserved 1114112K
  class space    used 538K, committed 640K, reserved 1048576K
}
Event: 59,694 GC heap before
{Heap before GC invocations=4 (full 0):
 garbage-first heap   total reserved 6139904K, committed 389120K, used 229973K [0x0000000689400000, 0x0000000800000000)
  region size 4096K, 56 young (229376K), 1 survivors (4096K)
 Metaspace       used 9628K, committed 9856K, reserved 1114112K
  class space    used 538K, committed 640K, reserved 1048576K
}
Event: 59,695 GC heap after
{Heap after GC invocations=5 (full 0):
 garbage-first heap   total reserved 6139904K, committed 389120K, used 4727K [0x0000000689400000, 0x0000000800000000)
  region size 4096K, 1 young (4096K), 1 survivors (4096K)
 Metaspace       used 9628K, committed 9856K, reserved 1114112K
  class space    used 538K, committed 640K, reserved 1048576K
}

