# JRE version: OpenJDK Runtime Environment (22.0+36) (build 22+36-2370)
# Java VM: OpenJDK 64-Bit Server VM (22+36-2370, mixed mode, sharing, tiered, compressed oops, compressed class ptrs, g1 gc, linux-amd64)
Heap:
 garbage-first heap   total reserved 6139904K, committed 389120K, used 33556K [0x0000000689400000, 0x0000000800000000)
  region size 4096K, 8 young (32768K), 1 survivors (4096K)
 Metaspace       used 9887K, committed 10048K, reserved 1114112K
  class space    used 568K, committed 640K, reserved 1048576K
GC Heap History (10 events):
Event: 1,272 GC heap before
{Heap before GC invocations=0 (full 0):
 garbage-first heap   total reserved 6139904K, committed 389120K, used 13345K [0x0000000689400000, 0x0000000800000000)
  region size 4096K, 4 young (16384K), 0 survivors (0K)
 Metaspace       used 7201K, committed 7424K, reserved 1114112K
  class space    used 432K, committed 576K, reserved 1048576K
}
Event: 1,289 GC heap after
{Heap after GC invocations=1 (full 0):
 garbage-first heap   total reserved 6139904K, committed 389120K, used 4024K [0x0000000689400000, 0x0000000800000000)
  region size 4096K, 1 young (4096K), 1 survivors (4096K)
 Metaspace       used 7201K, committed 7424K, reserved 1114112K
  class space    used 432K, committed 576K, reserved 1048576K
}
Event: 2,030 GC heap before
{Heap before GC invocations=1 (full 0):
 garbage-first heap   total reserved 6139904K, committed 389120K, used 20408K [0x0000000689400000, 0x0000000800000000)
  region size 4096K, 5 young (20480K), 1 survivors (4096K)
 Metaspace       used 9704K, committed 9856K, reserved 1114112K
  class space    used 566K, committed 640K, reserved 1048576K
}
Event: 2,035 GC heap after
{Heap after GC invocations=2 (full 0):
 garbage-first heap   total reserved 6139904K, committed 389120K, used 4787K [0x0000000689400000, 0x0000000800000000)
  region size 4096K, 1 young (4096K), 1 survivors (4096K)
 Metaspace       used 9704K, committed 9856K, reserved 1114112K
  class space    used 566K, committed 640K, reserved 1048576K
}
Event: 2,319 GC heap before
{Heap before GC invocations=2 (full 0):
 garbage-first heap   total reserved 6139904K, committed 389120K, used 49843K [0x0000000689400000, 0x0000000800000000)
  region size 4096K, 12 young (49152K), 1 survivors (4096K)
 Metaspace       used 9759K, committed 9984K, reserved 1114112K
  class space    used 566K, committed 640K, reserved 1048576K
}
Event: 2,321 GC heap after
{Heap after GC invocations=3 (full 0):
 garbage-first heap   total reserved 6139904K, committed 389120K, used 4769K [0x0000000689400000, 0x0000000800000000)
  region size 4096K, 1 young (4096K), 1 survivors (4096K)
 Metaspace       used 9759K, committed 9984K, reserved 1114112K
  class space    used 566K, committed 640K, reserved 1048576K
}
Event: 2,987 GC heap before
{Heap before GC invocations=3 (full 0):
 garbage-first heap   total reserved 6139904K, committed 389120K, used 230049K [0x0000000689400000, 0x0000000800000000)
  region size 4096K, 56 young (229376K), 1 survivors (4096K)
 Metaspace       used 9853K, committed 10048K, reserved 1114112K
  class space    used 566K, committed 640K, reserved 1048576K
}
Event: 2,988 GC heap after
{Heap after GC invocations=4 (full 0):
 garbage-first heap   total reserved 6139904K, committed 389120K, used 4866K [0x0000000689400000, 0x0000000800000000)
  region size 4096K, 1 young (4096K), 1 survivors (4096K)
 Metaspace       used 9853K, committed 10048K, reserved 1114112K
  class space    used 566K, committed 640K, reserved 1048576K
}
Event: 3,363 GC heap before
{Heap before GC invocations=4 (full 0):
 garbage-first heap   total reserved 6139904K, committed 389120K, used 230146K [0x0000000689400000, 0x0000000800000000)
  region size 4096K, 56 young (229376K), 1 survivors (4096K)
 Metaspace       used 9874K, committed 10048K, reserved 1114112K
  class space    used 566K, committed 640K, reserved 1048576K
}
Event: 3,366 GC heap after
{Heap after GC invocations=5 (full 0):
 garbage-first heap   total reserved 6139904K, committed 389120K, used 4884K [0x0000000689400000, 0x0000000800000000)
  region size 4096K, 1 young (4096K), 1 survivors (4096K)
 Metaspace       used 9874K, committed 10048K, reserved 1114112K
  class space    used 566K, committed 640K, reserved 1048576K
}

